<?xml version="1.0" encoding="UTF-8"?>
<!-- Generated by org.testng.reporters.JUnitReportReporter -->
<testsuite skipped="0" hostname="ADMIN" name="testscripts.regression.ValidateLoginPOM" tests="1" failures="0" timestamp="2020-09-30T08:36:57 IST" time="268.664" errors="0">
  <testcase name="validateLoginPOMTest" time="268.664" classname="testscripts.regression.ValidateLoginPOM"/>
  <system-out/>
</testsuite> <!-- testscripts.regression.ValidateLoginPOM -->
