<?xml version="1.0" encoding="UTF-8"?>
<!-- Generated by org.testng.reporters.JUnitReportReporter -->
<testsuite skipped="0" hostname="ADMIN" name="testscripts.regression.DBTesting" tests="1" failures="0" timestamp="2020-10-02T08:09:45 IST" time="0.961" errors="0">
  <testcase name="dbTest" time="0.961" classname="testscripts.regression.DBTesting"/>
  <system-out/>
</testsuite> <!-- testscripts.regression.DBTesting -->
