<?xml version="1.0" encoding="UTF-8"?>
<!-- Generated by org.testng.reporters.JUnitReportReporter -->
<testsuite skipped="0" hostname="ADMIN" name="testscripts.regression.AdactinLoginUsingKeywords" tests="3" failures="0" timestamp="10 Nov 2020 07:37:40 GMT" time="50.914" errors="0">
  <testcase name="loginTest" time="14.837" classname="testscripts.regression.AdactinLoginUsingKeywords"/>
  <testcase name="loginTest" time="14.933" classname="testscripts.regression.AdactinLoginUsingKeywords"/>
  <testcase name="loginTest" time="21.144" classname="testscripts.regression.AdactinLoginUsingKeywords"/>
</testsuite> <!-- testscripts.regression.AdactinLoginUsingKeywords -->
