<?xml version="1.0" encoding="UTF-8"?>
<!-- Generated by org.testng.reporters.JUnitReportReporter -->
<testsuite skipped="0" hostname="ADMIN" name="testscripts.regression.NewtoursRegister" tests="1" failures="0" timestamp="2020-09-22T07:48:28 IST" time="60.038" errors="0">
  <testcase name="newtoursRegisterTest" time="60.038" classname="testscripts.regression.NewtoursRegister"/>
  <system-out/>
</testsuite> <!-- testscripts.regression.NewtoursRegister -->
