<?xml version="1.0" encoding="UTF-8"?>
<!-- Generated by org.testng.reporters.JUnitReportReporter -->
<testsuite skipped="0" hostname="ADMIN" name="testscripts.regression.AdactinLoginUsingProperties" tests="1" failures="0" timestamp="2020-09-24T07:49:35 IST" time="23.813" errors="0">
  <testcase name="loginTest" time="23.813" classname="testscripts.regression.AdactinLoginUsingProperties"/>
  <system-out/>
</testsuite> <!-- testscripts.regression.AdactinLoginUsingProperties -->
