<?xml version="1.0" encoding="UTF-8"?>
<!-- Generated by org.testng.reporters.JUnitReportReporter -->
<testsuite skipped="0" hostname="ADMIN" name="testscripts.regression.AdactinLoginUsingKeywords" tests="1" failures="0" timestamp="2020-09-24T08:17:43 IST" time="22.446" errors="0">
  <testcase name="loginTest" time="22.446" classname="testscripts.regression.AdactinLoginUsingKeywords"/>
  <system-out/>
</testsuite> <!-- testscripts.regression.AdactinLoginUsingKeywords -->
