<?xml version="1.0" encoding="UTF-8"?>
<!-- Generated by org.testng.reporters.JUnitReportReporter -->
<testsuite skipped="0" hostname="ADMIN" name="practise.MouseHover" tests="1" failures="0" timestamp="2020-09-30T10:33:59 IST" time="47.322" errors="0">
  <testcase name="mouseHoverTest" time="47.322" classname="practise.MouseHover"/>
  <system-out/>
</testsuite> <!-- practise.MouseHover -->
